<?xml version="1.0" encoding="UTF-8"?>
<!-- Generated by org.testng.reporters.JUnitXMLReporter -->
<testsuite ignored="0" hostname="DESKTOP-7EUDCAL" failures="0" tests="4" name="Default test" time="19.127" errors="0" timestamp="2024-12-11T22:46:46 GMT-04:00">
  <testcase classname="com.sauce.testcases.HomeTest" name="addtocarttest" time="0.552"/>
  <testcase classname="com.sauce.testcases.HomeTest" name="logout" time="0.709"/>
  <testcase classname="com.sauce.testcases.HomeTest" name="removecart" time="0.605"/>
  <testcase classname="com.sauce.testcases.HomeTest" name="sort" time="2.5"/>
</testsuite> <!-- Default test -->
