<?xml version="1.0" encoding="UTF-8"?>
<testng-results ignored="0" total="3" passed="3" failed="0" skipped="0">
  <reporter-output>
  </reporter-output>
  <suite started-at="2024-12-04T22:49:31 GMT-04:00" name="Default suite" finished-at="2024-12-04T22:49:31 GMT-04:00" duration-ms="78">
    <groups>
    </groups>
    <test started-at="2024-12-04T22:49:31 GMT-04:00" name="Default test" finished-at="2024-12-04T22:49:31 GMT-04:00" duration-ms="78">
      <class name="AnnotationEx">
        <test-method is-config="true" signature="beforeTest()[pri:0, instance:AnnotationEx@50ad3bc1]" started-at="2024-12-04T22:49:31 GMT-04:00" name="beforeTest" finished-at="2024-12-04T22:49:31 GMT-04:00" duration-ms="14" status="PASS">
          <reporter-output>
          </reporter-output>
        </test-method> <!-- beforeTest -->
        <test-method is-config="true" signature="beforeClass()[pri:0, instance:AnnotationEx@50ad3bc1]" started-at="2024-12-04T22:49:31 GMT-04:00" name="beforeClass" finished-at="2024-12-04T22:49:31 GMT-04:00" duration-ms="1" status="PASS">
          <reporter-output>
          </reporter-output>
        </test-method> <!-- beforeClass -->
        <test-method is-config="true" signature="before()[pri:0, instance:AnnotationEx@50ad3bc1]" started-at="2024-12-04T22:49:31 GMT-04:00" name="before" finished-at="2024-12-04T22:49:31 GMT-04:00" duration-ms="0" status="PASS">
          <reporter-output>
          </reporter-output>
        </test-method> <!-- before -->
        <test-method signature="method1()[pri:0, instance:AnnotationEx@50ad3bc1]" started-at="2024-12-04T22:49:31 GMT-04:00" name="method1" finished-at="2024-12-04T22:49:31 GMT-04:00" duration-ms="11" status="PASS">
          <reporter-output>
          </reporter-output>
        </test-method> <!-- method1 -->
        <test-method is-config="true" signature="after()[pri:0, instance:AnnotationEx@50ad3bc1]" started-at="2024-12-04T22:49:31 GMT-04:00" name="after" finished-at="2024-12-04T22:49:31 GMT-04:00" duration-ms="1" status="PASS">
          <reporter-output>
          </reporter-output>
        </test-method> <!-- after -->
        <test-method is-config="true" signature="before()[pri:0, instance:AnnotationEx@50ad3bc1]" started-at="2024-12-04T22:49:31 GMT-04:00" name="before" finished-at="2024-12-04T22:49:31 GMT-04:00" duration-ms="1" status="PASS">
          <reporter-output>
          </reporter-output>
        </test-method> <!-- before -->
        <test-method signature="method2()[pri:0, instance:AnnotationEx@50ad3bc1]" started-at="2024-12-04T22:49:31 GMT-04:00" name="method2" finished-at="2024-12-04T22:49:31 GMT-04:00" duration-ms="1" status="PASS">
          <reporter-output>
          </reporter-output>
        </test-method> <!-- method2 -->
        <test-method is-config="true" signature="after()[pri:0, instance:AnnotationEx@50ad3bc1]" started-at="2024-12-04T22:49:31 GMT-04:00" name="after" finished-at="2024-12-04T22:49:31 GMT-04:00" duration-ms="0" status="PASS">
          <reporter-output>
          </reporter-output>
        </test-method> <!-- after -->
        <test-method is-config="true" signature="before()[pri:0, instance:AnnotationEx@50ad3bc1]" started-at="2024-12-04T22:49:31 GMT-04:00" name="before" finished-at="2024-12-04T22:49:31 GMT-04:00" duration-ms="1" status="PASS">
          <reporter-output>
          </reporter-output>
        </test-method> <!-- before -->
        <test-method signature="method3()[pri:0, instance:AnnotationEx@50ad3bc1]" started-at="2024-12-04T22:49:31 GMT-04:00" name="method3" finished-at="2024-12-04T22:49:31 GMT-04:00" duration-ms="1" status="PASS">
          <reporter-output>
          </reporter-output>
        </test-method> <!-- method3 -->
        <test-method is-config="true" signature="after()[pri:0, instance:AnnotationEx@50ad3bc1]" started-at="2024-12-04T22:49:31 GMT-04:00" name="after" finished-at="2024-12-04T22:49:31 GMT-04:00" duration-ms="0" status="PASS">
          <reporter-output>
          </reporter-output>
        </test-method> <!-- after -->
        <test-method is-config="true" signature="afterClass()[pri:0, instance:AnnotationEx@50ad3bc1]" started-at="2024-12-04T22:49:31 GMT-04:00" name="afterClass" finished-at="2024-12-04T22:49:31 GMT-04:00" duration-ms="0" status="PASS">
          <reporter-output>
          </reporter-output>
        </test-method> <!-- afterClass -->
        <test-method is-config="true" signature="afterTest()[pri:0, instance:AnnotationEx@50ad3bc1]" started-at="2024-12-04T22:49:31 GMT-04:00" name="afterTest" finished-at="2024-12-04T22:49:31 GMT-04:00" duration-ms="0" status="PASS">
          <reporter-output>
          </reporter-output>
        </test-method> <!-- afterTest -->
      </class> <!-- AnnotationEx -->
    </test> <!-- Default test -->
  </suite> <!-- Default suite -->
</testng-results>
