<?xml version="1.0" encoding="UTF-8"?>
<!-- Generated by org.testng.reporters.JUnitXMLReporter -->
<testsuite ignored="0" hostname="DESKTOP-7EUDCAL" failures="0" tests="6" name="SauceTests" time="24.323" errors="0" timestamp="2024-12-11T22:51:28 GMT-04:00">
  <testcase classname="com.sauce.testcases.LoginTest" name="validLoginTest" time="0.64"/>
  <testcase classname="com.sauce.testcases.LoginTest" name="invalidLoginTest" time="0.572"/>
  <testcase classname="com.sauce.testcases.HomeTest" name="addtocarttest" time="0.344"/>
  <testcase classname="com.sauce.testcases.HomeTest" name="logout" time="0.424"/>
  <testcase classname="com.sauce.testcases.HomeTest" name="removecart" time="0.298"/>
  <testcase classname="com.sauce.testcases.HomeTest" name="sort" time="2.32"/>
</testsuite> <!-- SauceTests -->
