<?xml version="1.0" encoding="UTF-8"?>
<testng-results ignored="0" total="6" passed="6" failed="0" skipped="0">
  <reporter-output>
  </reporter-output>
  <suite started-at="2024-12-11T22:51:03 GMT-04:00" name="SauceSuite" finished-at="2024-12-11T22:51:28 GMT-04:00" duration-ms="24323">
    <groups>
    </groups>
    <test started-at="2024-12-11T22:51:03 GMT-04:00" name="SauceTests" finished-at="2024-12-11T22:51:28 GMT-04:00" duration-ms="24323">
      <class name="com.sauce.testcases.HomeTest">
        <test-method is-config="true" signature="init()[pri:0, instance:com.sauce.testcases.HomeTest@27f981c6]" started-at="2024-12-11T22:51:11 GMT-04:00" name="init" finished-at="2024-12-11T22:51:14 GMT-04:00" duration-ms="2995" status="PASS">
          <reporter-output>
          </reporter-output>
        </test-method> <!-- init -->
        <test-method signature="addtocarttest()[pri:0, instance:com.sauce.testcases.HomeTest@27f981c6]" started-at="2024-12-11T22:51:14 GMT-04:00" name="addtocarttest" finished-at="2024-12-11T22:51:15 GMT-04:00" duration-ms="344" status="PASS">
          <reporter-output>
          </reporter-output>
        </test-method> <!-- addtocarttest -->
        <test-method is-config="true" signature="teardown()[pri:0, instance:com.sauce.testcases.HomeTest@27f981c6]" started-at="2024-12-11T22:51:15 GMT-04:00" name="teardown" finished-at="2024-12-11T22:51:15 GMT-04:00" duration-ms="216" status="PASS">
          <reporter-output>
          </reporter-output>
        </test-method> <!-- teardown -->
        <test-method is-config="true" signature="init()[pri:0, instance:com.sauce.testcases.HomeTest@27f981c6]" started-at="2024-12-11T22:51:15 GMT-04:00" name="init" finished-at="2024-12-11T22:51:18 GMT-04:00" duration-ms="3135" status="PASS">
          <reporter-output>
          </reporter-output>
        </test-method> <!-- init -->
        <test-method signature="logout()[pri:0, instance:com.sauce.testcases.HomeTest@27f981c6]" started-at="2024-12-11T22:51:18 GMT-04:00" name="logout" finished-at="2024-12-11T22:51:18 GMT-04:00" duration-ms="424" status="PASS">
          <reporter-output>
          </reporter-output>
        </test-method> <!-- logout -->
        <test-method is-config="true" signature="teardown()[pri:0, instance:com.sauce.testcases.HomeTest@27f981c6]" started-at="2024-12-11T22:51:18 GMT-04:00" name="teardown" finished-at="2024-12-11T22:51:19 GMT-04:00" duration-ms="228" status="PASS">
          <reporter-output>
          </reporter-output>
        </test-method> <!-- teardown -->
        <test-method is-config="true" signature="init()[pri:0, instance:com.sauce.testcases.HomeTest@27f981c6]" started-at="2024-12-11T22:51:19 GMT-04:00" name="init" finished-at="2024-12-11T22:51:22 GMT-04:00" duration-ms="2973" status="PASS">
          <reporter-output>
          </reporter-output>
        </test-method> <!-- init -->
        <test-method signature="removecart()[pri:0, instance:com.sauce.testcases.HomeTest@27f981c6]" started-at="2024-12-11T22:51:22 GMT-04:00" name="removecart" finished-at="2024-12-11T22:51:22 GMT-04:00" duration-ms="298" status="PASS">
          <reporter-output>
          </reporter-output>
        </test-method> <!-- removecart -->
        <test-method is-config="true" signature="teardown()[pri:0, instance:com.sauce.testcases.HomeTest@27f981c6]" started-at="2024-12-11T22:51:22 GMT-04:00" name="teardown" finished-at="2024-12-11T22:51:22 GMT-04:00" duration-ms="217" status="PASS">
          <reporter-output>
          </reporter-output>
        </test-method> <!-- teardown -->
        <test-method is-config="true" signature="init()[pri:0, instance:com.sauce.testcases.HomeTest@27f981c6]" started-at="2024-12-11T22:51:22 GMT-04:00" name="init" finished-at="2024-12-11T22:51:25 GMT-04:00" duration-ms="3064" status="PASS">
          <reporter-output>
          </reporter-output>
        </test-method> <!-- init -->
        <test-method signature="sort()[pri:0, instance:com.sauce.testcases.HomeTest@27f981c6]" started-at="2024-12-11T22:51:25 GMT-04:00" name="sort" finished-at="2024-12-11T22:51:27 GMT-04:00" duration-ms="2320" status="PASS">
          <reporter-output>
          </reporter-output>
        </test-method> <!-- sort -->
        <test-method is-config="true" signature="teardown()[pri:0, instance:com.sauce.testcases.HomeTest@27f981c6]" started-at="2024-12-11T22:51:27 GMT-04:00" name="teardown" finished-at="2024-12-11T22:51:28 GMT-04:00" duration-ms="234" status="PASS">
          <reporter-output>
          </reporter-output>
        </test-method> <!-- teardown -->
      </class> <!-- com.sauce.testcases.HomeTest -->
      <class name="com.sauce.testcases.LoginTest">
        <test-method is-config="true" signature="init()[pri:0, instance:com.sauce.testcases.LoginTest@bae7dc0]" started-at="2024-12-11T22:51:03 GMT-04:00" name="init" finished-at="2024-12-11T22:51:07 GMT-04:00" duration-ms="3767" status="PASS">
          <reporter-output>
          </reporter-output>
        </test-method> <!-- init -->
        <test-method signature="validLoginTest()[pri:1, instance:com.sauce.testcases.LoginTest@bae7dc0]" started-at="2024-12-11T22:51:07 GMT-04:00" name="validLoginTest" finished-at="2024-12-11T22:51:08 GMT-04:00" duration-ms="640" status="PASS">
          <reporter-output>
          </reporter-output>
        </test-method> <!-- validLoginTest -->
        <test-method is-config="true" signature="teardown()[pri:0, instance:com.sauce.testcases.LoginTest@bae7dc0]" started-at="2024-12-11T22:51:08 GMT-04:00" name="teardown" finished-at="2024-12-11T22:51:08 GMT-04:00" duration-ms="242" status="PASS">
          <reporter-output>
          </reporter-output>
        </test-method> <!-- teardown -->
        <test-method is-config="true" signature="init()[pri:0, instance:com.sauce.testcases.LoginTest@bae7dc0]" started-at="2024-12-11T22:51:08 GMT-04:00" name="init" finished-at="2024-12-11T22:51:10 GMT-04:00" duration-ms="2380" status="PASS">
          <reporter-output>
          </reporter-output>
        </test-method> <!-- init -->
        <test-method signature="invalidLoginTest()[pri:2, instance:com.sauce.testcases.LoginTest@bae7dc0]" started-at="2024-12-11T22:51:10 GMT-04:00" name="invalidLoginTest" finished-at="2024-12-11T22:51:11 GMT-04:00" duration-ms="572" status="PASS">
          <reporter-output>
          </reporter-output>
        </test-method> <!-- invalidLoginTest -->
        <test-method is-config="true" signature="teardown()[pri:0, instance:com.sauce.testcases.LoginTest@bae7dc0]" started-at="2024-12-11T22:51:11 GMT-04:00" name="teardown" finished-at="2024-12-11T22:51:11 GMT-04:00" duration-ms="183" status="PASS">
          <reporter-output>
          </reporter-output>
        </test-method> <!-- teardown -->
      </class> <!-- com.sauce.testcases.LoginTest -->
    </test> <!-- SauceTests -->
  </suite> <!-- SauceSuite -->
</testng-results>
