<?xml version="1.0" encoding="UTF-8"?>
<!-- Generated by org.testng.reporters.JUnitXMLReporter -->
<testsuite ignored="3" hostname="DESKTOP-7EUDCAL" failures="0" tests="2" name="GroupTest" time="0.074" errors="0" timestamp="2024-12-09T21:59:12 GMT-04:00">
  <testcase classname="GroupsEx" name="addtocart" time="0.01"/>
  <testcase classname="GroupsEx" name="settings" time="0.002"/>
  <testcase classname="GroupsEx" name="order" time="0.0">
    <ignored/>
  </testcase> <!-- order -->
  <testcase classname="GroupsEx" name="login" time="0.0">
    <ignored/>
  </testcase> <!-- login -->
  <testcase classname="GroupsEx" name="logut" time="0.0">
    <ignored/>
  </testcase> <!-- logut -->
</testsuite> <!-- GroupTest -->
